[0m12:10:40.672533 [debug] [MainThread]: Sending event: {'category': 'dbt', 'action': 'invocation', 'label': 'start', 'context': [<snowplow_tracker.self_describing_json.SelfDescribingJson object at 0x000001EB46FD6540>, <snowplow_tracker.self_describing_json.SelfDescribingJson object at 0x000001EB49961070>, <snowplow_tracker.self_describing_json.SelfDescribingJson object at 0x000001EB499BB950>]}


============================== 12:10:40.684538 | 36bfaf7c-26c8-4bd6-8cbd-ec4708579b10 ==============================
[0m12:10:40.684538 [info ] [MainThread]: Running with dbt=1.9.0
[0m12:10:40.686907 [debug] [MainThread]: running dbt with arguments {'printer_width': '80', 'indirect_selection': 'eager', 'log_cache_events': 'False', 'write_json': 'True', 'partial_parse': 'True', 'cache_selected_only': 'False', 'warn_error': 'None', 'debug': 'False', 'fail_fast': 'False', 'log_path': 'c:\\Users\\PCP\\Documents\\repositorios_git\\projeto_dbt\\logs', 'profiles_dir': 'C:\\Users\\PCP\\.dbt', 'version_check': 'True', 'use_colors': 'True', 'use_experimental_parser': 'False', 'no_print': 'None', 'quiet': 'False', 'empty': 'None', 'log_format': 'default', 'introspect': 'True', 'invocation_command': 'dbt ', 'static_parser': 'True', 'target_path': 'None', 'warn_error_options': 'WarnErrorOptions(include=[], exclude=[])', 'send_anonymous_usage_stats': 'True'}
[0m12:10:41.033389 [debug] [MainThread]: Sending event: {'category': 'dbt', 'action': 'project_id', 'label': '36bfaf7c-26c8-4bd6-8cbd-ec4708579b10', 'context': [<snowplow_tracker.self_describing_json.SelfDescribingJson object at 0x000001EB498F84A0>]}
[0m12:10:41.113381 [info ] [MainThread]: Warning: No packages were found in packages.yml
[0m12:10:41.118385 [info ] [MainThread]: Warning: No packages were found in packages.yml
[0m12:10:41.121386 [debug] [MainThread]: Command `cli deps` succeeded at 12:10:41.121386 after 0.85 seconds
[0m12:10:41.122382 [debug] [MainThread]: Sending event: {'category': 'dbt', 'action': 'invocation', 'label': 'end', 'context': [<snowplow_tracker.self_describing_json.SelfDescribingJson object at 0x000001EB494DA0F0>, <snowplow_tracker.self_describing_json.SelfDescribingJson object at 0x000001EB46F3CE30>, <snowplow_tracker.self_describing_json.SelfDescribingJson object at 0x000001EB498F84A0>]}
[0m12:10:41.123383 [debug] [MainThread]: Flushing usage events
[0m12:10:42.419089 [debug] [MainThread]: An error was encountered while trying to flush usage events
[0m16:51:49.669410 [debug] [MainThread]: Sending event: {'category': 'dbt', 'action': 'invocation', 'label': 'start', 'context': [<snowplow_tracker.self_describing_json.SelfDescribingJson object at 0x7f96cd10a3c0>, <snowplow_tracker.self_describing_json.SelfDescribingJson object at 0x7f96cce5bdd0>, <snowplow_tracker.self_describing_json.SelfDescribingJson object at 0x7f96cd10b920>]}


============================== 16:51:49.681845 | a466cd7a-4c09-464b-a4a1-d70999ccfc37 ==============================
[0m16:51:49.681845 [info ] [MainThread]: Running with dbt=1.9.2
[0m16:51:49.684072 [debug] [MainThread]: running dbt with arguments {'printer_width': '80', 'indirect_selection': 'eager', 'write_json': 'True', 'log_cache_events': 'False', 'partial_parse': 'True', 'cache_selected_only': 'False', 'profiles_dir': '/root/.dbt', 'version_check': 'True', 'fail_fast': 'False', 'log_path': '/app/logs', 'warn_error': 'None', 'debug': 'False', 'use_colors': 'True', 'use_experimental_parser': 'False', 'no_print': 'None', 'quiet': 'False', 'empty': 'None', 'log_format': 'default', 'static_parser': 'True', 'introspect': 'True', 'warn_error_options': 'WarnErrorOptions(include=[], exclude=[])', 'target_path': 'None', 'invocation_command': 'dbt debug', 'send_anonymous_usage_stats': 'True'}
[0m16:51:49.770267 [info ] [MainThread]: dbt version: 1.9.2
[0m16:51:49.774146 [info ] [MainThread]: python version: 3.12.1
[0m16:51:49.779368 [info ] [MainThread]: python path: /usr/local/bin/python
[0m16:51:49.781874 [info ] [MainThread]: os info: Linux-5.15.167.4-microsoft-standard-WSL2-x86_64-with-glibc2.36
[0m16:51:49.785219 [info ] [MainThread]: Using profiles dir at /root/.dbt
[0m16:51:49.792729 [info ] [MainThread]: Using profiles.yml file at /root/.dbt/profiles.yml
[0m16:51:49.795164 [info ] [MainThread]: Using dbt_project.yml file at /app/dbt_project.yml
[0m16:51:49.938883 [info ] [MainThread]: Configuration:
[0m16:51:49.941401 [info ] [MainThread]:   profiles.yml file [[31mERROR not found[0m]
[0m16:51:49.944704 [info ] [MainThread]:   dbt_project.yml file [[32mOK found and valid[0m]
[0m16:51:49.949259 [info ] [MainThread]: Required dependencies:
[0m16:51:49.951506 [debug] [MainThread]: Executing "git --help"
[0m16:51:49.993645 [debug] [MainThread]: STDOUT: "b"usage: git [-v | --version] [-h | --help] [-C <path>] [-c <name>=<value>]\n           [--exec-path[=<path>]] [--html-path] [--man-path] [--info-path]\n           [-p | --paginate | -P | --no-pager] [--no-replace-objects] [--bare]\n           [--git-dir=<path>] [--work-tree=<path>] [--namespace=<name>]\n           [--super-prefix=<path>] [--config-env=<name>=<envvar>]\n           <command> [<args>]\n\nThese are common Git commands used in various situations:\n\nstart a working area (see also: git help tutorial)\n   clone     Clone a repository into a new directory\n   init      Create an empty Git repository or reinitialize an existing one\n\nwork on the current change (see also: git help everyday)\n   add       Add file contents to the index\n   mv        Move or rename a file, a directory, or a symlink\n   restore   Restore working tree files\n   rm        Remove files from the working tree and from the index\n\nexamine the history and state (see also: git help revisions)\n   bisect    Use binary search to find the commit that introduced a bug\n   diff      Show changes between commits, commit and working tree, etc\n   grep      Print lines matching a pattern\n   log       Show commit logs\n   show      Show various types of objects\n   status    Show the working tree status\n\ngrow, mark and tweak your common history\n   branch    List, create, or delete branches\n   commit    Record changes to the repository\n   merge     Join two or more development histories together\n   rebase    Reapply commits on top of another base tip\n   reset     Reset current HEAD to the specified state\n   switch    Switch branches\n   tag       Create, list, delete or verify a tag object signed with GPG\n\ncollaborate (see also: git help workflows)\n   fetch     Download objects and refs from another repository\n   pull      Fetch from and integrate with another repository or a local branch\n   push      Update remote refs along with associated objects\n\n'git help -a' and 'git help -g' list available subcommands and some\nconcept guides. See 'git help <command>' or 'git help <concept>'\nto read about a specific subcommand or concept.\nSee 'git help git' for an overview of the system.\n""
[0m16:51:49.995471 [debug] [MainThread]: STDERR: "b''"
[0m16:51:49.996946 [info ] [MainThread]:  - git [[32mOK found[0m]

[0m16:51:49.998723 [info ] [MainThread]: Connection test skipped since no profile was found
[0m16:51:50.001588 [info ] [MainThread]: [31m1 check failed:[0m
[0m16:51:50.006711 [info ] [MainThread]: dbt looked for a profiles.yml file in /root/.dbt/profiles.yml, but did
not find one. For more information on configuring your profile, consult the
documentation:

https://docs.getdbt.com/docs/configure-your-profile


[0m16:51:50.012818 [debug] [MainThread]: Resource report: {"command_name": "debug", "command_success": false, "command_wall_clock_time": 0.4257841, "process_in_blocks": "87064", "process_kernel_time": 0.197513, "process_mem_max_rss": "90312", "process_out_blocks": "1456", "process_user_time": 2.006323}
[0m16:51:50.014769 [debug] [MainThread]: Command `dbt debug` failed at 16:51:50.014588 after 0.43 seconds
[0m16:51:50.016321 [debug] [MainThread]: Sending event: {'category': 'dbt', 'action': 'invocation', 'label': 'end', 'context': [<snowplow_tracker.self_describing_json.SelfDescribingJson object at 0x7f96ce4fbfb0>, <snowplow_tracker.self_describing_json.SelfDescribingJson object at 0x7f96cce56780>, <snowplow_tracker.self_describing_json.SelfDescribingJson object at 0x7f96cca87fb0>]}
[0m16:51:50.017916 [debug] [MainThread]: Flushing usage events
[0m16:51:50.753337 [debug] [MainThread]: An error was encountered while trying to flush usage events
